<?xml version="1.0" encoding="UTF-8"?>
<testsuite name="io.github.zoyluo.aibot.coordination.JobScopeTest" tests="4" skipped="0" failures="0" errors="0" timestamp="2026-09-13T06:56:13.227Z" hostname="FORST" time="0.787">
  <properties/>
  <testcase name="globalAdminJobCanBeClaimedButOnlyGloballyListedByAdmin()" classname="io.github.zoyluo.aibot.coordination.JobScopeTest" time="0.005"/>
  <testcase name="ownerScopedJobIsOnlyVisibleAndClaimableWithinOwnerBoundary()" classname="io.github.zoyluo.aibot.coordination.JobScopeTest" time="0.001"/>
  <testcase name="claimedJobFromPreviousRuntimeSessionReopens()" classname="io.github.zoyluo.aibot.coordination.JobScopeTest" time="0.764"/>
  <testcase name="legacyJobWithoutScopeIsRejectedOnLoad()" classname="io.github.zoyluo.aibot.coordination.JobScopeTest" time="0.014"/>
  <system-out><![CDATA[ERROR StatusConsoleListener Unable to delete file D:\code\mc-experiment\aibot\logs\latest.log: java.nio.file.FileSystemException D:\code\mc-experiment\aibot\logs\latest.log: 另一个程序正在使用此文件，进程无法访问。
[14:56:14] [Test worker/WARN]: [AIBot] SECURITY event=legacy_job_scope_rejected bot=- {job_uuid=af98ae21-acc0-4b06-b383-cc142828eacc, reason=missing_or_invalid_scope}
]]></system-out>
  <system-err><![CDATA[]]></system-err>
</testsuite>
