<?xml version="1.0" encoding="UTF-8"?>
<testsuite name="io.github.zoyluo.aibot.task.OreDigObservationSourceContractTest" tests="5" skipped="0" failures="0" errors="0" timestamp="2026-09-13T06:56:15.977Z" hostname="FORST" time="0.01">
  <properties/>
  <testcase name="oreScanTriStateNeverReadsAnUnknownFluidCandidate()" classname="io.github.zoyluo.aibot.task.OreDigObservationSourceContractTest" time="0.001"/>
  <testcase name="stairOpenEscapeAndFreshRerouteObserveTheirCompleteGeometryFirst()" classname="io.github.zoyluo.aibot.task.OreDigObservationSourceContractTest" time="0.002"/>
  <testcase name="hiddenTransitionOverheadAndRaisedGeometryFailClosedBeforeReads()" classname="io.github.zoyluo.aibot.task.OreDigObservationSourceContractTest" time="0.002"/>
  <testcase name="targetOwnersUsePresentGoneUnknownInsteadOfInferringBreaks()" classname="io.github.zoyluo.aibot.task.OreDigObservationSourceContractTest" time="0.002"/>
  <testcase name="hiddenFluidAndHiddenStoneTakeTheSameSealedChannelAction()" classname="io.github.zoyluo.aibot.task.OreDigObservationSourceContractTest" time="0.002"/>
  <system-out><![CDATA[]]></system-out>
  <system-err><![CDATA[]]></system-err>
</testsuite>
