<?xml version="1.0" encoding="UTF-8"?>
<testsuite name="io.github.zoyluo.aibot.external.TaskGraphBridgeSourceContractTest" tests="3" skipped="0" failures="0" errors="0" timestamp="2026-09-13T06:56:14.647Z" hostname="FORST" time="0.008">
  <properties/>
  <testcase name="graphPersistenceUsesSpatialRefsNotCopiedCoordinates()" classname="io.github.zoyluo.aibot.external.TaskGraphBridgeSourceContractTest" time="0.003"/>
  <testcase name="graphPhysicalDispatchMustReuseExistingBridgeExecutionLedger()" classname="io.github.zoyluo.aibot.external.TaskGraphBridgeSourceContractTest" time="0.001"/>
  <testcase name="fixedTaskNodeLifecycleRemainsExplicit()" classname="io.github.zoyluo.aibot.external.TaskGraphBridgeSourceContractTest" time="0.001"/>
  <system-out><![CDATA[]]></system-out>
  <system-err><![CDATA[]]></system-err>
</testsuite>
