<?xml version="1.0" encoding="UTF-8"?>
<testsuite name="io.github.zoyluo.aibot.brain.BrainCoordinatorControlContinuationTest" tests="1" skipped="0" failures="0" errors="0" timestamp="2026-09-13T06:56:13.135Z" hostname="FORST" time="0.046">
  <properties/>
  <testcase name="controlBatchKeepsLeaseOpenForAnyReplacementWork()" classname="io.github.zoyluo.aibot.brain.BrainCoordinatorControlContinuationTest" time="0.046"/>
  <system-out><![CDATA[]]></system-out>
  <system-err><![CDATA[]]></system-err>
</testsuite>
