<?xml version="1.0" encoding="UTF-8"?>
<testsuite name="io.github.zoyluo.aibot.task.EmergencyShelterEatingPolicyTest" tests="3" skipped="0" failures="0" errors="0" timestamp="2026-09-13T06:56:15.765Z" hostname="FORST" time="0.005">
  <properties/>
  <testcase name="nonEmergencyRecoveryWaitsUntilFoodDropsBelowEighteen()" classname="io.github.zoyluo.aibot.task.EmergencyShelterEatingPolicyTest" time="0.002"/>
  <testcase name="safeHealthNeverStartsShelterRecoveryEating()" classname="io.github.zoyluo.aibot.task.EmergencyShelterEatingPolicyTest" time="0.001"/>
  <testcase name="criticalHealthCanStillUseFoodNineteenForImmediateSurvival()" classname="io.github.zoyluo.aibot.task.EmergencyShelterEatingPolicyTest" time="0.001"/>
  <system-out><![CDATA[]]></system-out>
  <system-err><![CDATA[]]></system-err>
</testsuite>
