<?xml version="1.0" encoding="UTF-8"?>
<testsuite name="io.github.zoyluo.aibot.task.OreDigReservePolicyTest" tests="2" skipped="0" failures="0" errors="0" timestamp="2026-09-12T15:45:46.318Z" hostname="FORST" time="0.013">
  <properties/>
  <testcase name="parentMissionAndRareEpochReservesComposeWithoutWeakeningEitherOwner()" classname="io.github.zoyluo.aibot.task.OreDigReservePolicyTest" time="0.007"/>
  <testcase name="everyPathOwnerCarriesTheProtectedStoneLikeReserve()" classname="io.github.zoyluo.aibot.task.OreDigReservePolicyTest" time="0.005"/>
  <system-out><![CDATA[]]></system-out>
  <system-err><![CDATA[]]></system-err>
</testsuite>
