<?xml version="1.0" encoding="UTF-8"?>
<testsuite name="io.github.zoyluo.aibot.runtime.IntentControlTransactionTest" tests="4" skipped="0" failures="0" errors="0" timestamp="2026-09-12T15:45:45.904Z" hostname="FORST" time="0.007">
  <properties/>
  <testcase name="cancelAllDetachesMissionBeforeCancellingTasks()" classname="io.github.zoyluo.aibot.runtime.IntentControlTransactionTest" time="0.004"/>
  <testcase name="llmToolPreservesApplyingDecisionDuringCancellation()" classname="io.github.zoyluo.aibot.runtime.IntentControlTransactionTest" time="0.001"/>
  <testcase name="cancelCurrentPreservesQueueWithoutSynchronousPromotion()" classname="io.github.zoyluo.aibot.runtime.IntentControlTransactionTest" time="0.0"/>
  <testcase name="repeatedCancelIsIdempotentAndDoesNotRepublish()" classname="io.github.zoyluo.aibot.runtime.IntentControlTransactionTest" time="0.001"/>
  <system-out><![CDATA[]]></system-out>
  <system-err><![CDATA[]]></system-err>
</testsuite>
