<?xml version="1.0" encoding="UTF-8"?>
<testsuite name="io.github.zoyluo.aibot.task.DigDownReturnSourceContractTest" tests="4" skipped="0" failures="0" errors="0" timestamp="2026-09-12T22:11:54.605Z" hostname="FORST" time="0.009">
  <properties/>
  <testcase name="returnDebtIsExactIndependentAndCheckpointed()" classname="io.github.zoyluo.aibot.task.DigDownReturnSourceContractTest" time="0.001"/>
  <testcase name="missionRestoreReplaysMineBeforeSatisfiedShortCircuit()" classname="io.github.zoyluo.aibot.task.DigDownReturnSourceContractTest" time="0.002"/>
  <testcase name="completedTaskCursorIsClearedWithoutErasingDedicatedMiningState()" classname="io.github.zoyluo.aibot.task.DigDownReturnSourceContractTest" time="0.001"/>
  <testcase name="failedDescentCannotFeedItsOriginalBatchCheckpointIntoRemainingQuota()" classname="io.github.zoyluo.aibot.task.DigDownReturnSourceContractTest" time="0.004"/>
  <system-out><![CDATA[]]></system-out>
  <system-err><![CDATA[]]></system-err>
</testsuite>
