<?xml version="1.0" encoding="UTF-8"?>
<testsuite name="io.github.zoyluo.aibot.task.AcquireWaterSurvivalBoundaryTest" tests="5" skipped="0" failures="0" errors="0" timestamp="2026-09-12T15:55:46.054Z" hostname="FORST" time="0.01">
  <properties/>
  <testcase name="searchAndRestartBudgetsFailClosed()" classname="io.github.zoyluo.aibot.task.AcquireWaterSurvivalBoundaryTest" time="0.002"/>
  <testcase name="ascentWorldReadsStayBehindObservableCellGates()" classname="io.github.zoyluo.aibot.task.AcquireWaterSurvivalBoundaryTest" time="0.001"/>
  <testcase name="reusableSurfaceEgressReadsStayBehindObservableStandCellGates()" classname="io.github.zoyluo.aibot.task.AcquireWaterSurvivalBoundaryTest" time="0.001"/>
  <testcase name="carvedRelocationRechecksVisibleDryCellsBeforePhysicalMovement()" classname="io.github.zoyluo.aibot.task.AcquireWaterSurvivalBoundaryTest" time="0.001"/>
  <testcase name="visibleWaterAndVanillaBucketInteractionAreTheOnlySuccessPath()" classname="io.github.zoyluo.aibot.task.AcquireWaterSurvivalBoundaryTest" time="0.001"/>
  <system-out><![CDATA[]]></system-out>
  <system-err><![CDATA[]]></system-err>
</testsuite>
