<?xml version="1.0" encoding="UTF-8"?>
<testsuite name="io.github.zoyluo.aibot.mode.AIBotConfigModeDefaultsTest" tests="2" skipped="0" failures="0" errors="0" timestamp="2026-09-12T15:55:45.594Z" hostname="FORST" time="0.032">
  <properties/>
  <testcase name="partialOperatorFlagsPreserveExplicitFalseAndDefaultMissingValues()" classname="io.github.zoyluo.aibot.mode.AIBotConfigModeDefaultsTest" time="0.0"/>
  <testcase name="generatedConfigShapeUsesTopLevelStrictProfileAndCapabilityFlags()" classname="io.github.zoyluo.aibot.mode.AIBotConfigModeDefaultsTest" time="0.032"/>
  <system-out><![CDATA[]]></system-out>
  <system-err><![CDATA[]]></system-err>
</testsuite>
