<?xml version="1.0" encoding="UTF-8"?>
<testsuite name="io.github.zoyluo.aibot.persist.RuntimeSnapshotCodecTest" tests="3" skipped="0" failures="0" errors="0" timestamp="2026-09-12T15:55:45.980Z" hostname="FORST" time="0.05">
  <properties/>
  <testcase name="rejectsMalformedOrUnversionedDocuments()" classname="io.github.zoyluo.aibot.persist.RuntimeSnapshotCodecTest" time="0.003"/>
  <testcase name="rejectsFutureSchemaWithoutReturningPartialState()" classname="io.github.zoyluo.aibot.persist.RuntimeSnapshotCodecTest" time="0.001"/>
  <testcase name="roundTripsCurrentSchema()" classname="io.github.zoyluo.aibot.persist.RuntimeSnapshotCodecTest" time="0.046"/>
  <system-out><![CDATA[]]></system-out>
  <system-err><![CDATA[]]></system-err>
</testsuite>
