<?xml version="1.0" encoding="UTF-8"?>
<testsuite name="io.github.zoyluo.aibot.auth.BotTargetSelectorTest" tests="2" skipped="0" failures="0" errors="0" timestamp="2026-09-12T15:55:44.291Z" hostname="FORST" time="0.007">
  <properties/>
  <testcase name="blankAndExplicitNameSelectTheSameTargetBeforeAuthorization()" classname="io.github.zoyluo.aibot.auth.BotTargetSelectorTest" time="0.005"/>
  <testcase name="blankNameWithoutPlayerOwnerDoesNotFallBackToAnArbitraryBot()" classname="io.github.zoyluo.aibot.auth.BotTargetSelectorTest" time="0.002"/>
  <system-out><![CDATA[]]></system-out>
  <system-err><![CDATA[]]></system-err>
</testsuite>
