<?xml version="1.0" encoding="UTF-8"?>
<testsuite name="io.github.zoyluo.aibot.coordination.JobScopeTest" tests="4" skipped="0" failures="0" errors="0" timestamp="2026-09-12T15:55:44.354Z" hostname="FORST" time="0.603">
  <properties/>
  <testcase name="globalAdminJobCanBeClaimedButOnlyGloballyListedByAdmin()" classname="io.github.zoyluo.aibot.coordination.JobScopeTest" time="0.003"/>
  <testcase name="ownerScopedJobIsOnlyVisibleAndClaimableWithinOwnerBoundary()" classname="io.github.zoyluo.aibot.coordination.JobScopeTest" time="0.001"/>
  <testcase name="claimedJobFromPreviousRuntimeSessionReopens()" classname="io.github.zoyluo.aibot.coordination.JobScopeTest" time="0.584"/>
  <testcase name="legacyJobWithoutScopeIsRejectedOnLoad()" classname="io.github.zoyluo.aibot.coordination.JobScopeTest" time="0.012"/>
  <system-out><![CDATA[[23:55:44] [Test worker/WARN]: [AIBot] SECURITY event=legacy_job_scope_rejected bot=- {reason=missing_or_invalid_scope, job_uuid=3128890b-2f97-42fe-af9a-cad0724ed8b8}
]]></system-out>
  <system-err><![CDATA[]]></system-err>
</testsuite>
