<?xml version="1.0" encoding="UTF-8"?>
<testsuite name="io.github.zoyluo.aibot.mode.PrivilegedBoundarySourceTest" tests="11" skipped="0" failures="0" errors="0" timestamp="2026-09-12T12:46:18.457Z" hostname="FORST" time="0.892">
  <properties/>
  <testcase name="automaticObservationUsesBoundedSemanticSnapshot()" classname="io.github.zoyluo.aibot.mode.PrivilegedBoundarySourceTest" time="0.002"/>
  <testcase name="cognitiveLocalScanProvesObservabilityBeforeBlockRead()" classname="io.github.zoyluo.aibot.mode.PrivilegedBoundarySourceTest" time="0.001"/>
  <testcase name="structureKnowledgeCacheKeyIncludesWorldId()" classname="io.github.zoyluo.aibot.mode.PrivilegedBoundarySourceTest" time="0.001"/>
  <testcase name="directMutationFallbacksKeepReachAndVisibilityGuards()" classname="io.github.zoyluo.aibot.mode.PrivilegedBoundarySourceTest" time="0.81"/>
  <testcase name="digDownRelocationUsesObservedFailureInsteadOfHiddenColumnScan()" classname="io.github.zoyluo.aibot.mode.PrivilegedBoundarySourceTest" time="0.002"/>
  <testcase name="cognitiveViewStaysAReadModel()" classname="io.github.zoyluo.aibot.mode.PrivilegedBoundarySourceTest" time="0.003"/>
  <testcase name="directTeleportsStayInsideReviewedAdapters()" classname="io.github.zoyluo.aibot.mode.PrivilegedBoundarySourceTest" time="0.055"/>
  <testcase name="miningServiceDefersRememberedDepotReadsUntilObservableReach()" classname="io.github.zoyluo.aibot.mode.PrivilegedBoundarySourceTest" time="0.0"/>
  <testcase name="productionSourceSetDoesNotContainVerificationHarness()" classname="io.github.zoyluo.aibot.mode.PrivilegedBoundarySourceTest" time="0.0"/>
  <testcase name="resourceAndEntityDiscoveryUsesObservableBoundary()" classname="io.github.zoyluo.aibot.mode.PrivilegedBoundarySourceTest" time="0.005"/>
  <testcase name="cognitiveInspectIsLazyAndStaysInsideEvidenceScope()" classname="io.github.zoyluo.aibot.mode.PrivilegedBoundarySourceTest" time="0.006"/>
  <system-out><![CDATA[]]></system-out>
  <system-err><![CDATA[]]></system-err>
</testsuite>
