<?xml version="1.0" encoding="UTF-8"?>
<testsuite name="io.github.zoyluo.aibot.external.TreeHarvestSourceContractTest" tests="2" skipped="0" failures="0" errors="0" timestamp="2026-09-12T12:46:18.378Z" hostname="FORST" time="0.076">
  <properties/>
  <testcase name="treeAccessIsExplicitlyOwnedAndDoesNotHijackGenericPillarInfrastructure()" classname="io.github.zoyluo.aibot.external.TreeHarvestSourceContractTest" time="0.052"/>
  <testcase name="bridgePassesTheExactBoundedExecutionIdIntoTheBodyBackend()" classname="io.github.zoyluo.aibot.external.TreeHarvestSourceContractTest" time="0.005"/>
  <system-out><![CDATA[]]></system-out>
  <system-err><![CDATA[]]></system-err>
</testsuite>
