<?xml version="1.0" encoding="UTF-8"?>
<testsuite name="io.github.zoyluo.aibot.external.TreeHarvestSourceContractTest" tests="2" skipped="0" failures="0" errors="0" timestamp="2026-09-14T03:06:26.965Z" hostname="FORST" time="0.006">
  <properties/>
  <testcase name="treeAccessIsExplicitlyOwnedAndDoesNotHijackGenericPillarInfrastructure()" classname="io.github.zoyluo.aibot.external.TreeHarvestSourceContractTest" time="0.003"/>
  <testcase name="bridgePassesTheExactBoundedExecutionIdIntoTheBodyBackend()" classname="io.github.zoyluo.aibot.external.TreeHarvestSourceContractTest" time="0.001"/>
  <system-out><![CDATA[]]></system-out>
  <system-err><![CDATA[]]></system-err>
</testsuite>
