<?xml version="1.0" encoding="UTF-8"?>
<testsuite name="io.github.zoyluo.aibot.task.SurfaceExpeditionWaterRecoverySourceContractTest" tests="1" skipped="0" failures="0" errors="0" timestamp="2026-09-13T08:56:23.732Z" hostname="FORST" time="0.002">
  <properties/>
  <testcase name="surfaceTasksPauseExplorationUntilSharedRescueReturnsToDryGround()" classname="io.github.zoyluo.aibot.task.SurfaceExpeditionWaterRecoverySourceContractTest" time="0.001"/>
  <system-out><![CDATA[]]></system-out>
  <system-err><![CDATA[]]></system-err>
</testsuite>
