<?xml version="1.0" encoding="UTF-8"?>
<testsuite name="io.github.zoyluo.aibot.goal.MiningPlanningSourceContractTest" tests="5" skipped="0" failures="0" errors="0" timestamp="2026-09-12T22:11:38.176Z" hostname="FORST" time="0.016">
  <properties/>
  <testcase name="optionalExpeditionProvisioningSurvivesRuntimeResourceMisses()" classname="io.github.zoyluo.aibot.goal.MiningPlanningSourceContractTest" time="0.004"/>
  <testcase name="longRareExpeditionReadinessPrecedesSealedDescentHandoff()" classname="io.github.zoyluo.aibot.goal.MiningPlanningSourceContractTest" time="0.005"/>
  <testcase name="stoneBootstrapMustPhysicallyReturnBeforePublishingCompletion()" classname="io.github.zoyluo.aibot.goal.MiningPlanningSourceContractTest" time="0.002"/>
  <testcase name="mineOreParserFailsClosedInsteadOfChoosingCommonOres()" classname="io.github.zoyluo.aibot.goal.MiningPlanningSourceContractTest" time="0.001"/>
  <testcase name="obsidianPlanningBindsAcquisitionAndTargetToolContracts()" classname="io.github.zoyluo.aibot.goal.MiningPlanningSourceContractTest" time="0.002"/>
  <system-out><![CDATA[]]></system-out>
  <system-err><![CDATA[]]></system-err>
</testsuite>
