<?xml version="1.0" encoding="UTF-8"?>
<testsuite name="io.github.zoyluo.aibot.external.RealClientBackgroundScreenSourceTest" tests="7" skipped="0" failures="0" errors="0" timestamp="2026-09-14T03:06:25.931Z" hostname="FORST" time="0.009">
  <properties/>
  <testcase name="screenPublisherIsBoundedAndReadOnly()" classname="io.github.zoyluo.aibot.external.RealClientBackgroundScreenSourceTest" time="0.002"/>
  <testcase name="serverRequiresCommitAckAndExactTargetDelta()" classname="io.github.zoyluo.aibot.external.RealClientBackgroundScreenSourceTest" time="0.001"/>
  <testcase name="remappedProductionNamespaceIsLogged()" classname="io.github.zoyluo.aibot.external.RealClientBackgroundScreenSourceTest" time="0.0"/>
  <testcase name="depositUsesNormalOwnedScreenQuickMove()" classname="io.github.zoyluo.aibot.external.RealClientBackgroundScreenSourceTest" time="0.001"/>
  <testcase name="backgroundModeAndInputIsolationRemainExplicit()" classname="io.github.zoyluo.aibot.external.RealClientBackgroundScreenSourceTest" time="0.001"/>
  <testcase name="protocolV5CarriesOwnershipProvenanceAndStorage()" classname="io.github.zoyluo.aibot.external.RealClientBackgroundScreenSourceTest" time="0.001"/>
  <testcase name="finalFacingRequiresFreshSameSessionCrosshair()" classname="io.github.zoyluo.aibot.external.RealClientBackgroundScreenSourceTest" time="0.001"/>
  <system-out><![CDATA[]]></system-out>
  <system-err><![CDATA[]]></system-err>
</testsuite>
