<?xml version="1.0" encoding="UTF-8"?>
<testsuite name="io.github.zoyluo.aibot.auth.BotTargetSelectorTest" tests="2" skipped="0" failures="0" errors="0" timestamp="2026-09-14T03:06:25.140Z" hostname="FORST" time="0.005">
  <properties/>
  <testcase name="blankAndExplicitNameSelectTheSameTargetBeforeAuthorization()" classname="io.github.zoyluo.aibot.auth.BotTargetSelectorTest" time="0.003"/>
  <testcase name="blankNameWithoutPlayerOwnerDoesNotFallBackToAnArbitraryBot()" classname="io.github.zoyluo.aibot.auth.BotTargetSelectorTest" time="0.001"/>
  <system-out><![CDATA[]]></system-out>
  <system-err><![CDATA[]]></system-err>
</testsuite>
