<?xml version="1.0" encoding="UTF-8"?>
<testsuite name="io.github.zoyluo.aibot.task.HuntConstrainedRouteSourceContractTest" tests="5" skipped="0" failures="0" errors="0" timestamp="2026-09-09T17:15:52.235Z" hostname="FORST" time="0.007">
  <properties/>
  <testcase name="exactSurfaceStarterAlwaysThreadsRuntimeContractIntoActionPack()" classname="io.github.zoyluo.aibot.task.HuntConstrainedRouteSourceContractTest" time="0.002"/>
  <testcase name="returnToSurfaceUsesFloorWithoutManufacturingReturnDebt()" classname="io.github.zoyluo.aibot.task.HuntConstrainedRouteSourceContractTest" time="0.001"/>
  <testcase name="pickupPathsUseTransactionAnchorWithoutHarvestCorePathStarts()" classname="io.github.zoyluo.aibot.task.HuntConstrainedRouteSourceContractTest" time="0.001"/>
  <testcase name="exactSurfaceProofDelegatesToTheSharedRouteContract()" classname="io.github.zoyluo.aibot.task.HuntConstrainedRouteSourceContractTest" time="0.001"/>
  <testcase name="approachAndRoamBindEachSegmentOriginAsReturnAnchor()" classname="io.github.zoyluo.aibot.task.HuntConstrainedRouteSourceContractTest" time="0.002"/>
  <system-out><![CDATA[]]></system-out>
  <system-err><![CDATA[]]></system-err>
</testsuite>
