<?xml version="1.0" encoding="UTF-8"?>
<testsuite name="io.github.zoyluo.aibot.DeepSeekThinkingConfigTest" tests="5" skipped="0" failures="0" errors="0" timestamp="2026-09-09T17:15:49.828Z" hostname="FORST" time="0.271">
  <properties/>
  <testcase name="apiKeyRebindKeepsTheThinkingContract()" classname="io.github.zoyluo.aibot.DeepSeekThinkingConfigTest" time="0.211"/>
  <testcase name="explicitOverridesWin()" classname="io.github.zoyluo.aibot.DeepSeekThinkingConfigTest" time="0.007"/>
  <testcase name="unsupportedEffortFallsBackRatherThanReachingTheApi()" classname="io.github.zoyluo.aibot.DeepSeekThinkingConfigTest" time="0.0"/>
  <testcase name="unsetOverridesFallBackToDefaultsInsteadOfSilentlyDisablingThinking()" classname="io.github.zoyluo.aibot.DeepSeekThinkingConfigTest" time="0.0"/>
  <testcase name="defaultsTargetTheCurrentFlashModelWithABudgetReasoningCanNotStarve()" classname="io.github.zoyluo.aibot.DeepSeekThinkingConfigTest" time="0.004"/>
  <system-out><![CDATA[]]></system-out>
  <system-err><![CDATA[]]></system-err>
</testsuite>
