<?xml version="1.0" encoding="UTF-8"?>
<testsuite name="io.github.zoyluo.aibot.mode.ObservableWorldQueryInsetFaceTest" tests="2" skipped="0" failures="0" errors="0" timestamp="2026-09-09T17:15:51.738Z" hostname="FORST" time="0.008">
  <properties/>
  <testcase name="insetObservationIsExplicitShortRangeAndFluidAware()" classname="io.github.zoyluo.aibot.mode.ObservableWorldQueryInsetFaceTest" time="0.001"/>
  <testcase name="insetEndpointUsesDeterministicTangentsInsideTheRequestedFace()" classname="io.github.zoyluo.aibot.mode.ObservableWorldQueryInsetFaceTest" time="0.005"/>
  <system-out><![CDATA[]]></system-out>
  <system-err><![CDATA[]]></system-err>
</testsuite>
