<?xml version="1.0" encoding="UTF-8"?>
<testsuite name="io.github.zoyluo.aibot.mining.MiningMissionBudgetTest" tests="7" skipped="0" failures="0" errors="0" timestamp="2026-09-12T22:11:54.195Z" hostname="FORST" time="0.009">
  <properties/>
  <testcase name="negativeTimeoutComponentsFailClosed()" classname="io.github.zoyluo.aibot.mining.MiningMissionBudgetTest" time="0.002"/>
  <testcase name="diamondStackOuterTimeoutCoversEveryBoundedTargetStageAndBootstrap()" classname="io.github.zoyluo.aibot.mining.MiningMissionBudgetTest" time="0.0"/>
  <testcase name="marginEpochsExtendTheCumulativeWindowOnlyInsideTheMissionCapacity()" classname="io.github.zoyluo.aibot.mining.MiningMissionBudgetTest" time="0.003"/>
  <testcase name="longRareResourceEpochsOwnIndependentWindowsWithoutRestartRefresh()" classname="io.github.zoyluo.aibot.mining.MiningMissionBudgetTest" time="0.001"/>
  <testcase name="descendWindowScalesFromFactualDepthWithoutOverflow()" classname="io.github.zoyluo.aibot.mining.MiningMissionBudgetTest" time="0.0"/>
  <testcase name="auxiliaryWindowsUseRealShortTaskBoundsAndFailClosedOnOverflow()" classname="io.github.zoyluo.aibot.mining.MiningMissionBudgetTest" time="0.002"/>
  <testcase name="verifierBindsTimeoutToTheLiveNominalPlanInsteadOfAMagicLiteral()" classname="io.github.zoyluo.aibot.mining.MiningMissionBudgetTest" time="0.001"/>
  <system-out><![CDATA[]]></system-out>
  <system-err><![CDATA[]]></system-err>
</testsuite>
