<?xml version="1.0" encoding="UTF-8"?>
<testsuite name="io.github.zoyluo.aibot.task.MiningTorchReserveSourceContractTest" tests="2" skipped="0" failures="0" errors="0" timestamp="2026-09-09T13:56:22.488Z" hostname="FORST" time="0.008">
  <properties/>
  <testcase name="oreDigLightingOnlyUsesCarriedTorches()" classname="io.github.zoyluo.aibot.task.MiningTorchReserveSourceContractTest" time="0.006"/>
  <testcase name="descentLightingOnlyUsesCarriedTorches()" classname="io.github.zoyluo.aibot.task.MiningTorchReserveSourceContractTest" time="0.001"/>
  <system-out><![CDATA[]]></system-out>
  <system-err><![CDATA[]]></system-err>
</testsuite>
