<?xml version="1.0" encoding="UTF-8"?>
<testsuite name="io.github.zoyluo.aibot.external.OpportunityResolutionReceiptTest" tests="4" skipped="0" failures="0" errors="0" timestamp="2026-09-12T12:49:35.324Z" hostname="FORST" time="0.071">
  <properties/>
  <testcase name="absenceAloneIsNotAReceipt()" classname="io.github.zoyluo.aibot.external.OpportunityResolutionReceiptTest" time="0.037"/>
  <testcase name="terminalReceiptNeverCrossesOpportunityIncarnationsAtSameCell()" classname="io.github.zoyluo.aibot.external.OpportunityResolutionReceiptTest" time="0.009"/>
  <testcase name="durableConsumedReceiptProvesSuccessAndStaleReceiptProvesTerminalLoss()" classname="io.github.zoyluo.aibot.external.OpportunityResolutionReceiptTest" time="0.013"/>
  <testcase name="receiptIsScopedByWorldDimensionAndObject()" classname="io.github.zoyluo.aibot.external.OpportunityResolutionReceiptTest" time="0.008"/>
  <system-out><![CDATA[]]></system-out>
  <system-err><![CDATA[]]></system-err>
</testsuite>
