<?xml version="1.0" encoding="UTF-8"?>
<testsuite name="io.github.zoyluo.aibot.pathfinding.PathExecutorArrivalTest" tests="1" skipped="0" failures="0" errors="0" timestamp="2026-09-09T15:37:19.139Z" hostname="FORST" time="0.006">
  <properties/>
  <testcase name="horizontalToleranceNeverSkipsARequiredElevationChange()" classname="io.github.zoyluo.aibot.pathfinding.PathExecutorArrivalTest" time="0.005"/>
  <system-out><![CDATA[]]></system-out>
  <system-err><![CDATA[]]></system-err>
</testsuite>
