<?xml version="1.0" encoding="UTF-8"?>
<testsuite name="io.github.zoyluo.aibot.coordination.JobScopeTest" tests="4" skipped="0" failures="0" errors="0" timestamp="2026-09-09T15:37:17.250Z" hostname="FORST" time="0.843">
  <properties/>
  <testcase name="globalAdminJobCanBeClaimedButOnlyGloballyListedByAdmin()" classname="io.github.zoyluo.aibot.coordination.JobScopeTest" time="0.006"/>
  <testcase name="ownerScopedJobIsOnlyVisibleAndClaimableWithinOwnerBoundary()" classname="io.github.zoyluo.aibot.coordination.JobScopeTest" time="0.001"/>
  <testcase name="claimedJobFromPreviousRuntimeSessionReopens()" classname="io.github.zoyluo.aibot.coordination.JobScopeTest" time="0.813"/>
  <testcase name="legacyJobWithoutScopeIsRejectedOnLoad()" classname="io.github.zoyluo.aibot.coordination.JobScopeTest" time="0.022"/>
  <system-out><![CDATA[[23:37:18] [Test worker/WARN]: [AIBot] SECURITY event=legacy_job_scope_rejected bot=- {reason=missing_or_invalid_scope, job_uuid=b9b7341b-3545-4340-96c5-f46c93175eb8}
]]></system-out>
  <system-err><![CDATA[]]></system-err>
</testsuite>
