<?xml version="1.0" encoding="UTF-8"?>
<testsuite name="io.github.zoyluo.aibot.task.CreateObsidianSurvivalBoundaryTest" tests="3" skipped="0" failures="0" errors="0" timestamp="2026-09-09T15:37:19.388Z" hostname="FORST" time="0.01">
  <properties/>
  <testcase name="createObsidianNeverSynthesizesBlocksFluidsOrBucketInventory()" classname="io.github.zoyluo.aibot.task.CreateObsidianSurvivalBoundaryTest" time="0.007"/>
  <testcase name="bucketAdapterUsesTheVanillaItemInteractionEntryPoint()" classname="io.github.zoyluo.aibot.task.CreateObsidianSurvivalBoundaryTest" time="0.001"/>
  <testcase name="pourPlanDestinationIsAlwaysTheClickedSupportFaceNeighbor()" classname="io.github.zoyluo.aibot.task.CreateObsidianSurvivalBoundaryTest" time="0.001"/>
  <system-out><![CDATA[]]></system-out>
  <system-err><![CDATA[]]></system-err>
</testsuite>
