<?xml version="1.0" encoding="UTF-8"?>
<testsuite name="io.github.zoyluo.aibot.memory.BotMemoryGoalCancellationTest" tests="1" skipped="0" failures="0" errors="0" timestamp="2026-09-12T12:46:19.807Z" hostname="FORST" time="0.001">
  <properties/>
  <testcase name="clearingLongTermGoalPreventsAutomaticWakeAndIsIdempotent()" classname="io.github.zoyluo.aibot.memory.BotMemoryGoalCancellationTest" time="0.001"/>
  <system-out><![CDATA[]]></system-out>
  <system-err><![CDATA[]]></system-err>
</testsuite>
