<?xml version="1.0" encoding="UTF-8"?>
<testsuite name="io.github.zoyluo.aibot.brain.ToolRegistryStrictMiningBoundaryTest" tests="2" skipped="0" failures="0" errors="0" timestamp="2026-09-12T12:46:19.442Z" hostname="FORST" time="0.003">
  <properties/>
  <testcase name="everyPublicRouteRejectsBeforeReplacingTheCurrentTask()" classname="io.github.zoyluo.aibot.brain.ToolRegistryStrictMiningBoundaryTest" time="0.001"/>
  <testcase name="strictProfileDoesNotPublishLegacyMiningTools()" classname="io.github.zoyluo.aibot.brain.ToolRegistryStrictMiningBoundaryTest" time="0.002"/>
  <system-out><![CDATA[]]></system-out>
  <system-err><![CDATA[]]></system-err>
</testsuite>
